This is pdfTeX, Version 3.14159265-2.6-1.40.18 (TeX Live 2017/Arch Linux) (preloaded format=latex 2017.9.27)  3 OCT 2017 17:12
entering extended mode
 restricted \write18 enabled.
 %&-line parsing enabled.
**./images.tex
(./images.tex
LaTeX2e <2017-04-15>
Babel <3.12> and hyphenation patterns for 84 language(s) loaded.

(/usr/share/texmf-dist/tex/latex/base/article.cls
Document Class: article 2014/09/29 v1.4h Standard LaTeX document class
(/usr/share/texmf-dist/tex/latex/base/size10.clo
File: size10.clo 2014/09/29 v1.4h Standard LaTeX file (size option)
)
\c@part=\count79
\c@section=\count80
\c@subsection=\count81
\c@subsubsection=\count82
\c@paragraph=\count83
\c@subparagraph=\count84
\c@figure=\count85
\c@table=\count86
\abovecaptionskip=\skip41
\belowcaptionskip=\skip42
\bibindent=\dimen102
) (/usr/share/texmf-dist/tex/latex/base/ifthen.sty
Package: ifthen 2014/09/29 v1.1c Standard LaTeX ifthen package (DPC)
) (/usr/share/texmf-dist/tex/latex/amsmath/amsmath.sty
Package: amsmath 2016/11/05 v2.16a AMS math features
\@mathmargin=\skip43
For additional information on amsmath, use the `?' option.
(/usr/share/texmf-dist/tex/latex/amsmath/amstext.sty
Package: amstext 2000/06/29 v2.01 AMS text
(/usr/share/texmf-dist/tex/latex/amsmath/amsgen.sty
File: amsgen.sty 1999/11/30 v2.0 generic functions
\@emptytoks=\toks14
\ex@=\dimen103
)) (/usr/share/texmf-dist/tex/latex/amsmath/amsbsy.sty
Package: amsbsy 1999/11/29 v1.2d Bold Symbols
\pmbraise@=\dimen104
) (/usr/share/texmf-dist/tex/latex/amsmath/amsopn.sty
Package: amsopn 2016/03/08 v2.02 operator names
)
\inf@bad=\count87
LaTeX Info: Redefining \frac on input line 213.
\uproot@=\count88
\leftroot@=\count89
LaTeX Info: Redefining \overline on input line 375.
\classnum@=\count90
\DOTSCASE@=\count91
LaTeX Info: Redefining \ldots on input line 472.
LaTeX Info: Redefining \dots on input line 475.
LaTeX Info: Redefining \cdots on input line 596.
\Mathstrutbox@=\box26
\strutbox@=\box27
\big@size=\dimen105
LaTeX Font Info:    Redeclaring font encoding OML on input line 712.
LaTeX Font Info:    Redeclaring font encoding OMS on input line 713.
\macc@depth=\count92
\c@MaxMatrixCols=\count93
\dotsspace@=\muskip10
\c@parentequation=\count94
\dspbrk@lvl=\count95
\tag@help=\toks15
\row@=\count96
\column@=\count97
\maxfields@=\count98
\andhelp@=\toks16
\eqnshift@=\dimen106
\alignsep@=\dimen107
\tagshift@=\dimen108
\tagwidth@=\dimen109
\totwidth@=\dimen110
\lineht@=\dimen111
\@envbody=\toks17
\multlinegap=\skip44
\multlinetaggap=\skip45
\mathdisplay@stack=\toks18
LaTeX Info: Redefining \[ on input line 2817.
LaTeX Info: Redefining \] on input line 2818.
) (/usr/share/texmf-dist/tex/latex/listings/listings.sty (/usr/share/texmf-dist
/tex/latex/graphics/keyval.sty
Package: keyval 2014/10/28 v1.15 key=value parser (DPC)
\KV@toks@=\toks19
)
\lst@mode=\count99
\lst@gtempboxa=\box28
\lst@token=\toks20
\lst@length=\count100
\lst@currlwidth=\dimen112
\lst@column=\count101
\lst@pos=\count102
\lst@lostspace=\dimen113
\lst@width=\dimen114
\lst@newlines=\count103
\lst@lineno=\count104
\lst@maxwidth=\dimen115
(/usr/share/texmf-dist/tex/latex/listings/lstmisc.sty
File: lstmisc.sty 2015/06/04 1.6 (Carsten Heinz)
\c@lstnumber=\count105
\lst@skipnumbers=\count106
\lst@framebox=\box29
) (/usr/share/texmf-dist/tex/latex/listings/listings.cfg
File: listings.cfg 2015/06/04 1.6 listings configuration
))
Package: listings 2015/06/04 1.6 (Carsten Heinz)
(/usr/share/texmf-dist/tex/latex/graphics/color.sty
Package: color 2016/07/10 v1.1e Standard LaTeX Color (DPC)
(/usr/share/texmf-dist/tex/latex/graphics-cfg/color.cfg
File: color.cfg 2016/01/02 v1.6 sample color configuration
)
Package color Info: Driver file: dvips.def on input line 147.
(/usr/share/texmf-dist/tex/latex/graphics-def/dvips.def
File: dvips.def 2017/06/20 v3.1d Graphics/color driver for dvips
) (/usr/share/texmf-dist/tex/latex/graphics/dvipsnam.def
File: dvipsnam.def 2016/06/17 v3.0m Driver-dependent file (DPC,SPQR)
)) (/usr/share/texmf-dist/tex/latex/graphics/graphicx.sty
Package: graphicx 2017/06/01 v1.1a Enhanced LaTeX Graphics (DPC,SPQR)
(/usr/share/texmf-dist/tex/latex/graphics/graphics.sty
Package: graphics 2017/06/25 v1.2c Standard LaTeX Graphics (DPC,SPQR)
(/usr/share/texmf-dist/tex/latex/graphics/trig.sty
Package: trig 2016/01/03 v1.10 sin cos tan (DPC)
) (/usr/share/texmf-dist/tex/latex/graphics-cfg/graphics.cfg
File: graphics.cfg 2016/06/04 v1.11 sample graphics configuration
)
Package graphics Info: Driver file: dvips.def on input line 99.
)
\Gin@req@height=\dimen116
\Gin@req@width=\dimen117
) (/usr/share/texmf-dist/tex/latex/geometry/geometry.sty
Package: geometry 2010/09/12 v5.6 Page Geometry
(/usr/share/texmf-dist/tex/generic/oberdiek/ifpdf.sty
Package: ifpdf 2017/03/15 v3.2 Provides the ifpdf switch
) (/usr/share/texmf-dist/tex/generic/oberdiek/ifvtex.sty
Package: ifvtex 2016/05/16 v1.6 Detect VTeX and its facilities (HO)
Package ifvtex Info: VTeX not detected.
) (/usr/share/texmf-dist/tex/generic/ifxetex/ifxetex.sty
Package: ifxetex 2010/09/12 v0.6 Provides ifxetex conditional
)
\Gm@cnth=\count107
\Gm@cntv=\count108
\c@Gm@tempcnt=\count109
\Gm@bindingoffset=\dimen118
\Gm@wd@mp=\dimen119
\Gm@odd@mp=\dimen120
\Gm@even@mp=\dimen121
\Gm@layoutwidth=\dimen122
\Gm@layoutheight=\dimen123
\Gm@layouthoffset=\dimen124
\Gm@layoutvoffset=\dimen125
\Gm@dimlist=\toks21
) (/usr/share/texmf-dist/tex/latex/listings/lstlang1.sty
File: lstlang1.sty 2015/06/04 1.6 listings language file
) (/usr/share/texmf-dist/tex/latex/listings/lstmisc.sty
File: lstmisc.sty 2015/06/04 1.6 (Carsten Heinz)
) (/usr/share/texmf-dist/tex/latex/base/inputenc.sty
Package: inputenc 2015/03/17 v1.2c Input encoding file
\inpenc@prehook=\toks22
\inpenc@posthook=\toks23
)
\sizebox=\box30
\lthtmlwrite=\write3
(./images.aux)
\openout1 = `images.aux'.

LaTeX Font Info:    Checking defaults for OML/cmm/m/it on input line 155.
LaTeX Font Info:    ... okay on input line 155.
LaTeX Font Info:    Checking defaults for T1/cmr/m/n on input line 155.
LaTeX Font Info:    ... okay on input line 155.
LaTeX Font Info:    Checking defaults for OT1/cmr/m/n on input line 155.
LaTeX Font Info:    ... okay on input line 155.
LaTeX Font Info:    Checking defaults for OMS/cmsy/m/n on input line 155.
LaTeX Font Info:    ... okay on input line 155.
LaTeX Font Info:    Checking defaults for OMX/cmex/m/n on input line 155.
LaTeX Font Info:    ... okay on input line 155.
LaTeX Font Info:    Checking defaults for U/cmr/m/n on input line 155.
LaTeX Font Info:    ... okay on input line 155.
\c@lstlisting=\count110
*geometry* driver: auto-detecting
*geometry* detected driver: dvips
*geometry* verbose mode - [ preamble ] result:
* driver: dvips
* paper: <default>
* layout: <same size as paper>
* layoutoffset:(h,v)=(0.0pt,0.0pt)
* modes: 
* h-part:(L,W,R)=(83.11005pt, 448.0749pt, 83.11005pt)
* v-part:(T,H,B)=(83.11005pt, 628.7499pt, 83.11005pt)
* \paperwidth=614.295pt
* \paperheight=794.96999pt
* \textwidth=349.0pt
* \textheight=669.58995pt
* \oddsidemargin=10.84006pt
* \evensidemargin=10.84006pt
* \topmargin=0.0pt
* \headheight=0.0pt
* \headsep=0.0pt
* \topskip=0.00003pt
* \footskip=0.0pt
* \marginparwidth=65.0pt
* \marginparsep=11.0pt
* \columnsep=10.0pt
* \skip\footins=9.0pt plus 4.0pt minus 2.0pt
* \hoffset=0.0pt
* \voffset=0.0pt
* \mag=1000
* \@twocolumnfalse
* \@twosidefalse
* \@mparswitchfalse
* \@reversemarginfalse
* (1in=72.27pt=25.4mm, 1cm=28.453pt)


latex2htmlLength hsize=349.0pt

latex2htmlLength vsize=669.58995pt

latex2htmlLength hoffset=0.0pt

latex2htmlLength voffset=0.0pt

latex2htmlLength topmargin=0.0pt

latex2htmlLength topskip=0.00003pt

latex2htmlLength headheight=0.0pt

latex2htmlLength headsep=0.0pt

latex2htmlLength parskip=0.0pt plus 1.0pt

latex2htmlLength oddsidemargin=10.84006pt

latex2htmlLength evensidemargin=10.84006pt

l2hSize :tex2html_wrap_indisplay697:8.0pt::8.0pt::33.79861pt.
[1



]
l2hSize :tex2html_wrap_indisplay698:9.14003pt::9.14003pt::43.243pt.
[2


]
l2hSize :tex2html_wrap_indisplay699:8.0pt::8.0pt::35.25343pt.
[3


]
l2hSize :tex2html_wrap_indisplay700:7.33331pt::7.33331pt::35.21167pt.
[4


]
l2hSize :tex2html_wrap_indisplay701:8.0pt::8.0pt::46.81244pt.
[5


]
l2hSize :tex2html_wrap_indisplay702:8.0pt::8.0pt::110.3482pt.
[6


]
l2hSize :tex2html_wrap_indisplay707:14.76508pt::14.76508pt::79.81435pt.
[7


]
l2hSize :tex2html_wrap_indisplay708:14.76508pt::14.76508pt::93.16248pt.
[8


]
l2hSize :tex2html_wrap_inline710:6.83331pt::0.0pt::7.72226pt.
[9


]
l2hSize :tex2html_wrap_inline712:6.45831pt::0.0pt::7.08334pt.
[10


]
l2hSize :tex2html_wrap_inline720:8.0pt::8.0pt::86.56627pt.
[11


]
l2hSize :tex2html_wrap_inline722:6.83331pt::0.0pt::13.09843pt.
[12


]
l2hSize :tex2html_wrap_inline724:6.83331pt::0.0pt::9.56946pt.
[13


]
l2hSize :tex2html_wrap_inline726:6.45831pt::0.0pt::6.2153pt.
[14


]
l2hSize :tex2html_wrap_inline728:6.83331pt::0.0pt::8.30907pt.
[15


]
l2hSize :tex2html_wrap_inline730:7.33331pt::7.33331pt::29.0138pt.
[16


]
l2hSize :tex2html_wrap_inline734:6.83331pt::0.0pt::24.73892pt.
[17


]
l2hSize :tex2html_wrap_inline736:7.33331pt::7.33331pt::28.61795pt.
[18


]
l2hSize :tex2html_wrap_inline738:6.95831pt::6.95831pt::5.53128pt.
[19


]
l2hSize :tex2html_wrap_indisplay739:14.76508pt::14.76508pt::77.6944pt.
[20


]
l2hSize :tex2html_wrap_inline743:8.64003pt::8.64003pt::78.95343pt.
[21


]
l2hSize :tex2html_wrap_inline745:8.64003pt::8.64003pt::93.57619pt.
[22


]
l2hSize :tex2html_wrap_indisplay750:11.57062pt::11.57062pt::171.0911pt.
[23


]
l2hSize :tex2html_wrap_indisplay751:14.76508pt::14.76508pt::148.72615pt.
[24


]
l2hSize :tex2html_wrap_indisplay752:16.42236pt::16.42236pt::79.90279pt.
[25


]
LaTeX Font Info:    Font shape `OT1/cmtt/bx/n' in size <9> not available
(Font)              Font shape `OT1/cmtt/m/n' tried instead on input line 335.
l2hSize :lstlisting45:66.38107pt::0.0pt::349.0pt.
[26


]
l2hSize :tex2html_wrap_inline754:8.0pt::8.0pt::87.62027pt.
[27


]
l2hSize :tex2html_wrap_inline756:6.45831pt::0.0pt::4.55907pt.
[28


]
l2hSize :tex2html_wrap_indisplay757:14.11122pt::14.11122pt::252.27242pt.
[29


]
l2hSize :tex2html_wrap_indisplay758:8.0pt::8.0pt::64.17691pt.
[30


]
l2hSize :tex2html_wrap_indisplay759:8.0pt::8.0pt::63.81583pt.
[31


]
l2hSize :tex2html_wrap_indisplay760:8.0pt::8.0pt::45.34497pt.
[32


]
l2hSize :tex2html_wrap_indisplay761:8.0pt::8.0pt::51.7471pt.
[33


]
l2hSize :tex2html_wrap_indisplay763:9.14003pt::9.14003pt::80.36801pt.
[34


]
l2hSize :tex2html_wrap_inline767:8.0pt::8.0pt::35.16998pt.
[35


]
l2hSize :tex2html_wrap_inline769:7.33331pt::7.33331pt::17.65631pt.
[36


]
l2hSize :tex2html_wrap_inline771:6.45831pt::0.0pt::5.70604pt.
[37


]
l2hSize :tex2html_wrap_inline773:7.33331pt::7.33331pt::17.54521pt.
[38


]
l2hSize :tex2html_wrap_inline775:6.67859pt::0.0pt::5.70604pt.
[39


]
l2hSize :tex2html_wrap_inline777:8.0pt::8.0pt::42.54514pt.
[40


]
l2hSize :tex2html_wrap_inline779:6.95831pt::6.95831pt::10.05385pt.
[41


]
l2hSize :tex2html_wrap_inline781:7.33331pt::7.33331pt::11.59972pt.
[42


]
l2hSize :tex2html_wrap_indisplay782:8.0pt::8.0pt::41.19159pt.
[43


]
l2hSize :tex2html_wrap_indisplay783:8.0pt::8.0pt::37.74207pt.
[44


]
l2hSize :tex2html_wrap_indisplay785:9.14003pt::9.14003pt::35.33105pt.
[45


]
l2hSize :tex2html_wrap_inline787:7.44444pt::7.44444pt::15.25871pt.
[46


]
l2hSize :tex2html_wrap_inline791:6.67859pt::0.0pt::5.70604pt.
[47


]
l2hSize :tex2html_wrap_indisplay792:8.0pt::8.0pt::72.37022pt.
[48


]
l2hSize :tex2html_wrap_indisplay793:16.58257pt::16.58257pt::155.41972pt.
[49


]
l2hSize :tex2html_wrap_inline795:6.83331pt::0.0pt::8.55559pt.
[50


]
l2hSize :tex2html_wrap_indisplay796:14.11122pt::14.11122pt::274.54848pt.
[51


]
l2hSize :tex2html_wrap_inline798:6.83331pt::0.0pt::8.00005pt.
[52


]
l2hSize :tex2html_wrap_inline800:6.83331pt::0.0pt::11.29169pt.
[53


]
l2hSize :tex2html_wrap_inline804:8.87892pt::0.0pt::9.51396pt.
[54


]
l2hSize :tex2html_wrap_indisplay805:14.11122pt::14.11122pt::82.1806pt.
[55


]
l2hSize :tex2html_wrap_inline807:6.45831pt::0.0pt::5.70604pt.
[56


]
l2hSize :tex2html_wrap_inline809:8.0pt::8.0pt::142.07462pt.
[57


]
l2hSize :tex2html_wrap_inline813:6.95831pt::6.95831pt::6.52551pt.
[58


]
l2hSize :tex2html_wrap_inline815:7.44444pt::7.44444pt::12.21881pt.
[59


]
l2hSize :tex2html_wrap_inline819:6.45831pt::0.0pt::5.59033pt.
[60


]
l2hSize :tex2html_wrap_indisplay820:14.20952pt::14.20952pt::66.21915pt.
[61


]
l2hSize :tex2html_wrap_indisplay821:14.76508pt::14.76508pt::77.69695pt.
[62


]
l2hSize :tex2html_wrap_inline823:6.45831pt::0.0pt::5.18753pt.
[63


]
l2hSize :tex2html_wrap_inline825:6.45831pt::0.0pt::4.11115pt.
[64


]
l2hSize :tex2html_wrap_inline827:6.95831pt::6.95831pt::39.35402pt.
[65


]
l2hSize :tex2html_wrap_inline831:10.82219pt::10.82219pt::29.74602pt.
[66


]
l2hSize :tex2html_wrap_inline833:6.45831pt::0.0pt::4.82759pt.
[67


]
l2hSize :tex2html_wrap_indisplay834:15.67734pt::15.67734pt::148.04086pt.
[68


]
l2hSize :tex2html_wrap_indisplay835:9.41226pt::9.41226pt::83.49985pt.
[69


]
l2hSize :tex2html_wrap_indisplay836:19.1323pt::19.1323pt::261.0999pt.
[70


]
l2hSize :tex2html_wrap_inline838:6.59525pt::0.0pt::22.2784pt.
[71


]
l2hSize :tex2html_wrap_inline840:6.95831pt::6.95831pt::9.88898pt.
[72


]
l2hSize :tex2html_wrap_inline842:6.95831pt::6.95831pt::9.63666pt.
[73


]
l2hSize :tex2html_wrap_inline844:8.91226pt::8.91226pt::13.68964pt.
[74


]
l2hSize :tex2html_wrap_inline848:6.45831pt::0.0pt::23.52077pt.
[75


]
l2hSize :tex2html_wrap_inline850:6.45831pt::0.0pt::22.44438pt.
[76


]
l2hSize :tex2html_wrap_inline852:6.45831pt::0.0pt::23.52077pt.
[77


]
l2hSize :tex2html_wrap_inline854:6.45831pt::0.0pt::22.44438pt.
[78


]
l2hSize :tex2html_wrap_indisplay855:18.00014pt::18.00014pt::353.4675pt.

Overfull \hbox (7.46751pt too wide) in paragraph at lines 660--661
[]|[] 
 []

[79


]
l2hSize :tex2html_wrap_inline857:6.95831pt::6.95831pt::49.90953pt.
[80


]
l2hSize :tex2html_wrap_inline861:7.33331pt::7.33331pt::9.10944pt.
[81


]
l2hSize :tex2html_wrap_inline863:8.0pt::8.0pt::83.90858pt.
[82


]
l2hSize :tex2html_wrap_inline867:6.95831pt::6.95831pt::34.06598pt.
[83


]
l2hSize :tex2html_wrap_inline869:6.95831pt::6.95831pt::32.80786pt.
[84


]
l2hSize :tex2html_wrap_indisplay872:10.84734pt::10.84734pt::143.7773pt.
[85


]
l2hSize :tex2html_wrap_inline874:6.45831pt::0.0pt::9.28017pt.
[86


]
l2hSize :tex2html_wrap_indisplay875:10.84734pt::10.84734pt::88.64334pt.
[87


]
l2hSize :tex2html_wrap_indisplay876:6.95831pt::6.95831pt::7.16653pt.
[88


]
l2hSize :tex2html_wrap_indisplay877:6.95831pt::6.95831pt::47.08107pt.
[89


]
l2hSize :tex2html_wrap_inline879:10.94443pt::10.94443pt::21.55078pt.
[90


]
l2hSize :tex2html_wrap_inline881:6.83331pt::0.0pt::7.3056pt.
[91


]
l2hSize :tex2html_wrap_inline883:6.83331pt::0.0pt::8.45834pt.
[92


]
l2hSize :tex2html_wrap_inline885:6.95831pt::6.95831pt::5.76163pt.
[93


]
l2hSize :tex2html_wrap_inline895:6.95831pt::6.95831pt::15.77557pt.
[94


]
l2hSize :tex2html_wrap_inline897:6.95831pt::6.95831pt::11.17178pt.
[95


]
l2hSize :tex2html_wrap_inline899:8.91226pt::8.91226pt::12.92021pt.
[96


]
Overfull \hbox (5.37088pt too wide) in paragraph at lines 771--772
[][][][][][][][][][][][][][][][][][][][][][][][][][][][][][][][][][][] 
 []

l2hSize :lstlisting179:88.38107pt::0.0pt::349.0pt.
[97


]
l2hSize :tex2html_wrap_inline901:6.95831pt::6.95831pt::14.49776pt.
[98


]
l2hSize :tex2html_wrap_inline903:6.95831pt::6.95831pt::49.59702pt.
[99


]
l2hSize :tex2html_wrap_inline905:6.95831pt::6.95831pt::12.0452pt.
[100


]
l2hSize :tex2html_wrap_indisplay906:9.41226pt::9.41226pt::162.22581pt.
[101


]
l2hSize :tex2html_wrap_indisplay907:17.80008pt::17.80008pt::166.27931pt.
[102


]
l2hSize :tex2html_wrap_inline909:6.83331pt::0.0pt::8.17018pt.
[103


]
l2hSize :tex2html_wrap_inline913:8.91226pt::8.91226pt::56.02289pt.
[104


]
l2hSize :tex2html_wrap_indisplay916:9.41226pt::9.41226pt::47.14793pt.
[105


]
l2hSize :tex2html_wrap_inline918:8.64003pt::8.64003pt::11.79173pt.
[106


]
l2hSize :tex2html_wrap_inline922:8.64003pt::8.64003pt::15.8195pt.
[107


]
l2hSize :tex2html_wrap_indisplay927:9.41226pt::9.41226pt::47.81052pt.
[108


]

! LaTeX Error: File `bdpt_unweighted' not found.

See the LaTeX manual or LaTeX Companion for explanation.
Type  H <return>  for immediate help.
 ...                                              
                                                  
l.847 ...aystyle \includegraphics{bdpt_unweighted}
                                                  $%
I could not locate the file with any of these extensions:
.eps,.ps,.eps.gz,.ps.gz,.eps.Z,.mps
Try typing  <return>  to proceed.
If that doesn't work, type  X <return>  to quit.

l2hSize :tex2html_wrap_indisplay928:6.95831pt::6.95831pt::0.50003pt.
[109


]
l2hSize :tex2html_wrap_indisplay929:7.33331pt::7.33331pt::8.31949pt.
[110


]
l2hSize :tex2html_wrap_indisplay930:7.33331pt::7.33331pt::69.22716pt.
[111


]
l2hSize :tex2html_wrap_indisplay931:7.33331pt::7.33331pt::17.31741pt.
[112


]
l2hSize :tex2html_wrap_indisplay932:9.41226pt::9.41226pt::50.66306pt.
[113


]
l2hSize :tex2html_wrap_inline934:7.33331pt::7.33331pt::19.61464pt.
[114


]
l2hSize :tex2html_wrap_inline936:6.95831pt::6.95831pt::26.40736pt.
[115


]
l2hSize :tex2html_wrap_inline938:7.33331pt::7.33331pt::17.31741pt.
[116


]
l2hSize :tex2html_wrap_inline940:8.91226pt::8.91226pt::17.31741pt.
[117


]
l2hSize :tex2html_wrap_indisplay941:14.76508pt::14.76508pt::115.8624pt.
[118


]
l2hSize :tex2html_wrap_indisplay942:7.6428pt::7.6428pt::79.82433pt.
[119


]
l2hSize :tex2html_wrap_indisplay943:14.76508pt::14.76508pt::92.91963pt.
[120


]
l2hSize :tex2html_wrap_inline945:8.0pt::8.0pt::24.68756pt.
[121


]
l2hSize :tex2html_wrap_inline949:8.0pt::8.0pt::23.74252pt.
[122


]
l2hSize :tex2html_wrap_indisplay950:30.00027pt::30.00027pt::156.31294pt.
[123


]
l2hSize :tex2html_wrap_inline952:7.09525pt::7.09525pt::21.96588pt.
[124


]
l2hSize :tex2html_wrap_inline954:11.05241pt::11.05241pt::24.70145pt.
[125


]
l2hSize :tex2html_wrap_inline956:6.95831pt::6.95831pt::19.78073pt.
[126


]
l2hSize :tex2html_wrap_inline958:8.0pt::8.0pt::47.48975pt.
[127


]
l2hSize :tex2html_wrap_indisplay959:8.0pt::8.0pt::61.86737pt.
[128


]
l2hSize :tex2html_wrap_indisplay960:18.2524pt::18.2524pt::157.70506pt.
[129


]
l2hSize :tex2html_wrap_inline962:8.0pt::8.0pt::27.20021pt.
[130


]
l2hSize :tex2html_wrap_indisplay963:17.76714pt::17.76714pt::173.43771pt.
[131


]
l2hSize :tex2html_wrap_indisplay964:14.20952pt::14.20952pt::167.23433pt.
[132


]
l2hSize :tex2html_wrap_indisplay965:14.20952pt::14.20952pt::195.15468pt.
[133


]
l2hSize :tex2html_wrap_indisplay966:9.41226pt::9.41226pt::72.32791pt.
[134


]
l2hSize :tex2html_wrap_indisplay967:24.78218pt::24.78218pt::239.8076pt.
[135


]
l2hSize :tex2html_wrap_indisplay971:14.20952pt::14.20952pt::51.75414pt.
[136


]
l2hSize :tex2html_wrap_indisplay973:14.11122pt::14.11122pt::331.22256pt.
[137


]
l2hSize :tex2html_wrap_indisplay974:9.26085pt::9.26085pt::143.71709pt.
[138


] (./images.aux) ) 
Here is how much of TeX's memory you used:
 3334 strings out of 492991
 45001 string characters out of 6138714
 143806 words of memory out of 5000000
 6884 multiletter control sequences out of 15000+600000
 4560 words of font info for 18 fonts, out of 8000000 for 9000
 1141 hyphenation exceptions out of 8191
 27i,21n,49p,427b,1043s stack positions out of 5000i,500n,10000p,200000b,80000s

Output written on images.dvi (138 pages, 39836 bytes).
