This is pdfTeX, Version 3.14159265-2.6-1.40.18 (TeX Live 2017/Arch Linux) (preloaded format=pdflatex 2017.9.27)  28 SEP 2017 21:18
entering extended mode
 restricted \write18 enabled.
 file:line:error style messages enabled.
 %&-line parsing enabled.
**\nonstopmode\nofiles\PassOptionsToPackage{active,tightpage,auctex}{preview}\A
tBeginDocument{\ifx\ifPreview\undefined\RequirePackage[displaymath,floats,graph
ics,textmath,sections,footnotes]{preview}[2004/11/05]\fi} \input _region_.tex
(./_region_.tex  !name(paper.tex)
(/usr/share/texmf-dist/tex/latex/base/article.cls
Document Class: article 2014/09/29 v1.4h Standard LaTeX document class
(/usr/share/texmf-dist/tex/latex/base/size10.clo
File: size10.clo 2014/09/29 v1.4h Standard LaTeX file (size option)
)
\c@part=\count79
\c@section=\count80
\c@subsection=\count81
\c@subsubsection=\count82
\c@paragraph=\count83
\c@subparagraph=\count84
\c@figure=\count85
\c@table=\count86
\abovecaptionskip=\skip41
\belowcaptionskip=\skip42
\bibindent=\dimen102
)
(/usr/share/texmf-dist/tex/latex/amsmath/amsmath.sty
Package: amsmath 2016/11/05 v2.16a AMS math features
\@mathmargin=\skip43

For additional information on amsmath, use the `?' option.
(/usr/share/texmf-dist/tex/latex/amsmath/amstext.sty
Package: amstext 2000/06/29 v2.01 AMS text

(/usr/share/texmf-dist/tex/latex/amsmath/amsgen.sty
File: amsgen.sty 1999/11/30 v2.0 generic functions
\@emptytoks=\toks14
\ex@=\dimen103
))
(/usr/share/texmf-dist/tex/latex/amsmath/amsbsy.sty
Package: amsbsy 1999/11/29 v1.2d Bold Symbols
\pmbraise@=\dimen104
)
(/usr/share/texmf-dist/tex/latex/amsmath/amsopn.sty
Package: amsopn 2016/03/08 v2.02 operator names
)
\inf@bad=\count87
LaTeX Info: Redefining \frac on input line 213.
\uproot@=\count88
\leftroot@=\count89
LaTeX Info: Redefining \overline on input line 375.
\classnum@=\count90
\DOTSCASE@=\count91
LaTeX Info: Redefining \ldots on input line 472.
LaTeX Info: Redefining \dots on input line 475.
LaTeX Info: Redefining \cdots on input line 596.
\Mathstrutbox@=\box26
\strutbox@=\box27
\big@size=\dimen105
LaTeX Font Info:    Redeclaring font encoding OML on input line 712.
LaTeX Font Info:    Redeclaring font encoding OMS on input line 713.
\macc@depth=\count92
\c@MaxMatrixCols=\count93
\dotsspace@=\muskip10
\c@parentequation=\count94
\dspbrk@lvl=\count95
\tag@help=\toks15
\row@=\count96
\column@=\count97
\maxfields@=\count98
\andhelp@=\toks16
\eqnshift@=\dimen106
\alignsep@=\dimen107
\tagshift@=\dimen108
\tagwidth@=\dimen109
\totwidth@=\dimen110
\lineht@=\dimen111
\@envbody=\toks17
\multlinegap=\skip44
\multlinetaggap=\skip45
\mathdisplay@stack=\toks18
LaTeX Info: Redefining \[ on input line 2817.
LaTeX Info: Redefining \] on input line 2818.
)
(/usr/share/texmf-dist/tex/latex/listings/listings.sty
(/usr/share/texmf-dist/tex/latex/graphics/keyval.sty
Package: keyval 2014/10/28 v1.15 key=value parser (DPC)
\KV@toks@=\toks19
)
\lst@mode=\count99
\lst@gtempboxa=\box28
\lst@token=\toks20
\lst@length=\count100
\lst@currlwidth=\dimen112
\lst@column=\count101
\lst@pos=\count102
\lst@lostspace=\dimen113
\lst@width=\dimen114
\lst@newlines=\count103
\lst@lineno=\count104
\lst@maxwidth=\dimen115

(/usr/share/texmf-dist/tex/latex/listings/lstmisc.sty
File: lstmisc.sty 2015/06/04 1.6 (Carsten Heinz)
\c@lstnumber=\count105
\lst@skipnumbers=\count106
\lst@framebox=\box29
)
(/usr/share/texmf-dist/tex/latex/listings/listings.cfg
File: listings.cfg 2015/06/04 1.6 listings configuration
))
Package: listings 2015/06/04 1.6 (Carsten Heinz)

(/usr/share/texmf-dist/tex/latex/graphics/color.sty
Package: color 2016/07/10 v1.1e Standard LaTeX Color (DPC)

(/usr/share/texmf-dist/tex/latex/graphics-cfg/color.cfg
File: color.cfg 2016/01/02 v1.6 sample color configuration
)
Package color Info: Driver file: pdftex.def on input line 147.

(/usr/share/texmf-dist/tex/latex/graphics-def/pdftex.def
File: pdftex.def 2017/06/24 v1.0g Graphics/color driver for pdftex
))
(/usr/share/texmf-dist/tex/latex/geometry/geometry.sty
Package: geometry 2010/09/12 v5.6 Page Geometry

(/usr/share/texmf-dist/tex/generic/oberdiek/ifpdf.sty
Package: ifpdf 2017/03/15 v3.2 Provides the ifpdf switch
)
(/usr/share/texmf-dist/tex/generic/oberdiek/ifvtex.sty
Package: ifvtex 2016/05/16 v1.6 Detect VTeX and its facilities (HO)
Package ifvtex Info: VTeX not detected.
)
(/usr/share/texmf-dist/tex/generic/ifxetex/ifxetex.sty
Package: ifxetex 2010/09/12 v0.6 Provides ifxetex conditional
)
\Gm@cnth=\count107
\Gm@cntv=\count108
\c@Gm@tempcnt=\count109
\Gm@bindingoffset=\dimen116
\Gm@wd@mp=\dimen117
\Gm@odd@mp=\dimen118
\Gm@even@mp=\dimen119
\Gm@layoutwidth=\dimen120
\Gm@layoutheight=\dimen121
\Gm@layouthoffset=\dimen122
\Gm@layoutvoffset=\dimen123
\Gm@dimlist=\toks21
)
(/usr/share/texmf-dist/tex/latex/listings/lstlang1.sty
File: lstlang1.sty 2015/06/04 1.6 listings language file
)
(/usr/share/texmf-dist/tex/latex/listings/lstmisc.sty
File: lstmisc.sty 2015/06/04 1.6 (Carsten Heinz)
)
No file _region_.aux.
LaTeX Font Info:    Checking defaults for OML/cmm/m/it on input line 26.
LaTeX Font Info:    ... okay on input line 26.
LaTeX Font Info:    Checking defaults for T1/cmr/m/n on input line 26.
LaTeX Font Info:    ... okay on input line 26.
LaTeX Font Info:    Checking defaults for OT1/cmr/m/n on input line 26.
LaTeX Font Info:    ... okay on input line 26.
LaTeX Font Info:    Checking defaults for OMS/cmsy/m/n on input line 26.
LaTeX Font Info:    ... okay on input line 26.
LaTeX Font Info:    Checking defaults for OMX/cmex/m/n on input line 26.
LaTeX Font Info:    ... okay on input line 26.
LaTeX Font Info:    Checking defaults for U/cmr/m/n on input line 26.
LaTeX Font Info:    ... okay on input line 26.
(/home/aodq/.emacs.d/elpa/auctex-11.91.0/latex/preview.sty
Package: preview 2017/04/24 11.91 (AUCTeX/preview-latex)

(/usr/share/texmf-dist/tex/generic/luatex85/luatex85.sty
Package: luatex85 2016/06/15 v1.4 pdftex aliases for luatex
)
(/home/aodq/.emacs.d/elpa/auctex-11.91.0/latex/prtightpage.def
\PreviewBorder=\dimen124
)
(/home/aodq/.emacs.d/elpa/auctex-11.91.0/latex/prauctex.def
No auxiliary output files.


\hbadness=\count110
\hfuzz=\dimen125
(/home/aodq/.emacs.d/elpa/auctex-11.91.0/latex/prauctex.cfg))
(/home/aodq/.emacs.d/elpa/auctex-11.91.0/latex/prfootnotes.def)
\pr@snippet=\count111
\pr@box=\box30
\pr@output=\toks22

Preview: Fontsize 10pt
Preview: PDFoutput 1
)
\c@lstlisting=\count112
 (/usr/share/texmf-dist/tex/context/base/mkii/supp-pdf.mkii
[Loading MPS to PDF converter (version 2006.09.02).]
\scratchcounter=\count113
\scratchdimen=\dimen126
\scratchbox=\box31
\nofMPsegments=\count114
\nofMParguments=\count115
\everyMPshowfont=\toks23
\MPscratchCnt=\count116
\MPscratchDim=\dimen127
\MPnumerator=\count117
\makeMPintoPDFobject=\count118
\everyMPtoPDFconversion=\toks24
)
*geometry* driver: auto-detecting
*geometry* detected driver: pdftex
*geometry* verbose mode - [ preamble ] result:
* driver: pdftex
* paper: <default>
* layout: <same size as paper>
* layoutoffset:(h,v)=(0.0pt,0.0pt)
* modes: 
* h-part:(L,W,R)=(83.11005pt, 448.0749pt, 83.11005pt)
* v-part:(T,H,B)=(83.11005pt, 628.7499pt, 83.11005pt)
* \paperwidth=614.295pt
* \paperheight=794.96999pt
* \textwidth=448.0749pt
* \textheight=628.7499pt
* \oddsidemargin=10.84006pt
* \evensidemargin=10.84006pt
* \topmargin=-26.15994pt
* \headheight=12.0pt
* \headsep=25.0pt
* \topskip=10.0pt
* \footskip=30.0pt
* \marginparwidth=65.0pt
* \marginparsep=11.0pt
* \columnsep=10.0pt
* \skip\footins=9.0pt plus 4.0pt minus 2.0pt
* \hoffset=0.0pt
* \voffset=0.0pt
* \mag=1000
* \@twocolumnfalse
* \@twosidefalse
* \@mparswitchfalse
* \@reversemarginfalse
* (1in=72.27pt=25.4mm, 1cm=28.453pt)

 !name(paper.tex) !offset(-3) 

LaTeX Warning: No \author given.

./_region_.tex:31: Preview: Snippet 1 started.
<-><->
      
l.31   \section
               {Introduction}
Not a real error.

Preview: Tightpage -32891 -32891 32891 32891
./_region_.tex:31: Preview: Snippet 1 ended.(655359+0x29365037).
<-><->
      
l.31   \section{Introduction}
                             
Not a real error.

[1{/var/lib/texmf/fonts/map/pdftex/updmap/pdftex.map}

]
./_region_.tex:35: Preview: Snippet 2 started.
<-><->
      
l.35   \section
               {SDFs}
Not a real error.

./_region_.tex:35: Preview: Snippet 2 ended.(647495+0x29365037).
<-><->
      
l.35   \section{SDFs}
                     
Not a real error.

[2

]
./_region_.tex:36: Preview: Snippet 3 started.
<-><->
      
l.36   \begin{align*}
                     
Not a real error.

./_region_.tex:41: Preview: Snippet 3 ended.(3751285+0x26628964).
<-><->
      
l.41   \end{align*}
                   
Not a real error.

[3]
./_region_.tex:42: Preview: Snippet 4 started.
<-><->
      
l.42   \section
               {OpenCL}
Not a real error.

./_region_.tex:42: Preview: Snippet 4 ended.(647495+183500x29365037).
<-><->
      
l.42   \section{OpenCL}
                       
Not a real error.

[4

]
./_region_.tex:43: Preview: Snippet 5 started.
<-><->
      
l.43   \section
               {Light Transport Introduction}
Not a real error.

./_region_.tex:43: Preview: Snippet 5 ended.(655359+183500x29365037).
<-><->
      
l.43   \section{Light Transport Introduction}
                                             
Not a real error.

[5

]
./_region_.tex:44: Preview: Snippet 6 started.
<-><->
      
l.44   \section
               {Bidirectional Path Tracing}
Not a real error.

./_region_.tex:44: Preview: Snippet 6 ended.(655359+183500x29365037).
<-><->
      
l.44   \section{Bidirectional Path Tracing}
                                           
Not a real error.

[6

]
./_region_.tex:56: Preview: Snippet 7 started.
<-><->
      
l.56       \[
             \frac{(f(x+h) - f(x))}{h}\]
Not a real error.

./_region_.tex:56: Preview: Snippet 7 ended.(1384421+0x17281490).
<-><->
      
l.56       \[\frac{(f(x+h) - f(x))}{h}\]
                                        
Not a real error.

[7]
./_region_.tex:58: Preview: Snippet 8 started.
<-><->
      
l.58     each axis you compute $
                                f(x+h) - f(x-h)$, and normalize the result. ...

Not a real error.

./_region_.tex:58: Preview: Snippet 8 ended.(491520+163840x5709512).
<-><->
      
l.58     each axis you compute $f(x+h) - f(x-h)$
                                                , and normalize the result. ...

Not a real error.

[8]
./_region_.tex:61: Preview: Snippet 9 started.
<-><->
      
l.61     point of the gradient is multiplied by $
                                                 \epsilon$ before normalizin...

Not a real error.

./_region_.tex:61: Preview: Snippet 9 ended.(282168+0x266013).
<-><->
      
l.61 ...f the gradient is multiplied by $\epsilon$
                                                   before normalizing. The
Not a real error.

[9]
./_region_.tex:70: Preview: Snippet 10 started.
<-><->
      
l.70   \begin{align}
                    
Not a real error.

./_region_.tex:73: Preview: Snippet 10 ended.(1489138+0x29365037).
<-><->
      
l.73   \end{align}
                  
Not a real error.

[10]
./_region_.tex:75: Preview: Snippet 11 started.
<-><->
      
l.75   \begin{align}
                    
Not a real error.

./_region_.tex:80: Preview: Snippet 11 ended.(2833781+0x29365037).
<-><->
      
l.80   \end{align}
                  
Not a real error.

[11]
./_region_.tex:81: Preview: Snippet 12 started.
<-><->
      
l.81     That is, instead of looking at a point $
                                                 P$ with an incoming and out...

Not a real error.

./_region_.tex:81: Preview: Snippet 12 ended.(447828+0x511773).
<-><->
      
l.81 ...That is, instead of looking at a point $P$
                                                   with an incoming and outg...

Not a real error.

[12]
./_region_.tex:82: Preview: Snippet 13 started.
<-><->
      
l.82     angle $
                (\omega_i,\:\omega_o)$, look at the path from $P_{-1}$ ($v$) to

Not a real error.

./_region_.tex:82: Preview: Snippet 13 ended.(491520+163840x2272130).
<-><->
      
l.82     angle $(\omega_i,\:\omega_o)$
                                      , look at the path from $P_{-1}$ ($v$) to

Not a real error.

[13]
./_region_.tex:82: Preview: Snippet 14 started.
<-><->
      
l.82 ...ga_i,\:\omega_o)$, look at the path from $
                                                  P_{-1}$ ($v$) to
Not a real error.

./_region_.tex:82: Preview: Snippet 14 ended.(447828+152917x1124354).
<-><->
      
l.82 ...\omega_o)$, look at the path from $P_{-1}$
                                                   ($v$) to
Not a real error.

[14]
./_region_.tex:82: Preview: Snippet 15 started.
<-><->
      
l.82 ...ega_o)$, look at the path from $P_{-1}$ ($
                                                  v$) to
Not a real error.

./_region_.tex:82: Preview: Snippet 15 ended.(282168+0x341181).
<-><->
      
l.82 ...a_o)$, look at the path from $P_{-1}$ ($v$
                                                  ) to
Not a real error.

[15]
./_region_.tex:83: Preview: Snippet 16 started.
<-><->
      
l.83     $
          P_{+1}$ ($\ddot{v}$). More accurately, it's the transport between
Not a real error.

./_region_.tex:83: Preview: Snippet 16 ended.(447828+152917x1117073).
<-><->
      
l.83     $P_{+1}$
                  ($\ddot{v}$). More accurately, it's the transport between
Not a real error.

[16]
./_region_.tex:83: Preview: Snippet 17 started.
<-><->
      
l.83     $P_{+1}$ ($
                    \ddot{v}$). More accurately, it's the transport between
Not a real error.

./_region_.tex:83: Preview: Snippet 17 ended.(437688+0x341181).
<-><->
      
l.83     $P_{+1}$ ($\ddot{v}$
                             ). More accurately, it's the transport between
Not a real error.

[17]
./_region_.tex:85: Preview: Snippet 18 started.
<-><->
      
l.85     is every point on an SDF map where $
                                             |map| \leq \epsilon$. There's n...

Not a real error.

./_region_.tex:85: Preview: Snippet 18 ended.(491520+163840x2755468).
<-><->
      
l.85 ... on an SDF map where $|map| \leq \epsilon$
                                                  . There's no longer
Not a real error.

[18]
./_region_.tex:86: Preview: Snippet 19 started.
<-><->
      
l.86 ...ation over a hemisphere with solid angle $
                                                  \omega_i$, it's now over
Not a real error.

./_region_.tex:86: Preview: Snippet 19 ended.(282168+98303x626119).
<-><->
      
l.86 ...r a hemisphere with solid angle $\omega_i$
                                                  , it's now over
Not a real error.

[19]
./_region_.tex:89: Preview: Snippet 20 started.
<-><->
      
l.89     In the case of $
                         L_e$,
Not a real error.

./_region_.tex:89: Preview: Snippet 20 ended.(447828+98303x727429).
<-><->
      
l.89     In the case of $L_e$
                             ,
Not a real error.

[20]
./_region_.tex:92: Preview: Snippet 21 started.
<-><->
      
l.92   \begin{align}
                    
Not a real error.

./_region_.tex:95: Preview: Snippet 21 ended.(1850741+0x29365037).
<-><->
      
l.95   \end{align}
                  
Not a real error.

[21]
./_region_.tex:98: Preview: Snippet 22 started.
<-><->
      
l.98 ...applies when dealing with area. This and $
                                                  d\omega_i$ now become a
Not a real error.

./_region_.tex:98: Preview: Snippet 22 ended.(455111+98303x967225).
<-><->
      
l.98 ...en dealing with area. This and $d\omega_i$
                                                   now become a
Not a real error.

[22]
./_region_.tex:101: Preview: Snippet 23 started.
<-><->
      
l.101 ... angle between the geometric normals at $
                                                  v$ and $\dot{v}$:
Not a real error.

./_region_.tex:101: Preview: Snippet 23 ended.(282168+0x341181).
<-><->
      
l.101 ...ngle between the geometric normals at $v$
                                                   and $\dot{v}$:
Not a real error.

[23]
./_region_.tex:101: Preview: Snippet 24 started.
<-><->
      
l.101 ...etween the geometric normals at $v$ and $
                                                  \dot{v}$:
Not a real error.

./_region_.tex:101: Preview: Snippet 24 ended.(437688+0x341181).
<-><->
      
l.101 ...he geometric normals at $v$ and $\dot{v}$
                                                  :
Not a real error.

[24]
./_region_.tex:103: Preview: Snippet 25 started.
<-><->
      
l.103   \begin{align}
                     
Not a real error.

./_region_.tex:107: Preview: Snippet 25 ended.(2715948+0x29365037).
<-><->
      
l.107   \end{align}
                   
Not a real error.

[25]
./_region_.tex:109: Preview: Snippet 26 started.
<-><->
      
l.109     Where $
                 V$ is the visibility test. Thus the rendering equation with...

Not a real error.

./_region_.tex:109: Preview: Snippet 26 ended.(447828+0x527929).
<-><->
      
l.109     Where $V$
                    is the visibility test. Thus the rendering equation with...

Not a real error.

[26]
./_region_.tex:111: Preview: Snippet 27 started.
<-><->
      
l.111   \begin{align}
                     
Not a real error.

./_region_.tex:115: Preview: Snippet 27 ended.(1489138+0x29365037).
<-><->
      
l.115   \end{align}
                   
Not a real error.

[27]
./_region_.tex:116: Preview: Snippet 28 started.
<-><->
      
l.116     where $
                 A$ is the area on $M$, and $M$ is the union of all scene su...

Not a real error.

./_region_.tex:116: Preview: Snippet 28 ended.(447828+0x491521).
<-><->
      
l.116     where $A$
                    is the area on $M$, and $M$ is the union of all scene su...

Not a real error.

[28]
./_region_.tex:116: Preview: Snippet 29 started.
<-><->
      
l.116     where $A$ is the area on $
                                    M$, and $M$ is the union of all scene su...

Not a real error.

./_region_.tex:116: Preview: Snippet 29 ended.(447828+0x707242).
<-><->
      
l.116     where $A$ is the area on $M$
                                      , and $M$ is the union of all scene su...

Not a real error.

[29]
./_region_.tex:116: Preview: Snippet 30 started.
<-><->
      
l.116     where $A$ is the area on $M$, and $
                                             M$ is the union of all scene su...

Not a real error.

./_region_.tex:116: Preview: Snippet 30 ended.(447828+0x707242).
<-><->
      
l.116     where $A$ is the area on $M$, and $M$
                                                is the union of all scene su...

Not a real error.

[30]
./_region_.tex:118: Preview: Snippet 31 started.
<-><->
      
l.118     recursively expanding$
                                ^{[1]}$, so that the three point form is int...

Not a real error.

./_region_.tex:118: Preview: Snippet 31 ended.(581889+0x590737).
<-><->
      
l.118     recursively expanding$^{[1]}$
                                       , so that the three point form is int...

Not a real error.

[31]
./_region_.tex:121: Preview: Snippet 32 started.
<-><->
      
l.121   \begin{align}
                      I_j = \int_\Omega f_j(\bar{v}) d\mu(\bar{v}) \end{align}
Not a real error.

./_region_.tex:121: Preview: Snippet 32 ended.(1489138+0x29365037).
<-><->
      
l.121 ...ga f_j(\bar{v}) d\mu(\bar{v}) \end{align}
                                                  
Not a real error.

[32]
./_region_.tex:122: Preview: Snippet 33 started.
<-><->
      
l.122     Where $
                 \bar{v}$ is a path $z_0\rightarrow z_s \rightarrow y_t \rig...

Not a real error.

./_region_.tex:122: Preview: Snippet 33 ended.(372098+0x341181).
<-><->
      
l.122     Where $\bar{v}$
                          is a path $z_0\rightarrow z_s \rightarrow y_t \rig...

Not a real error.

[33]
./_region_.tex:122: Preview: Snippet 34 started.
<-><->
      
l.122     Where $\bar{v}$ is a path $
                                     z_0\rightarrow z_s \rightarrow y_t \rig...

Not a real error.

./_region_.tex:123: Preview: Snippet 34 ended.(491520+163840x9278232).
<-><->
      
l.123     y_0 (eye \rightarrow light)$
                                      , $\Omega$ is the combination of all p...

Not a real error.

[34]
./_region_.tex:123: Preview: Snippet 35 started.
<-><->
      
l.123     y_0 (eye \rightarrow light)$, $
                                         \Omega$ is the combination of all p...

Not a real error.

./_region_.tex:123: Preview: Snippet 35 ended.(447828+0x473316).
<-><->
      
l.123     y_0 (eye \rightarrow light)$, $\Omega$
                                                 is the combination of all p...

Not a real error.

[35]
./_region_.tex:124: Preview: Snippet 36 started.
<-><->
      
l.124     paths of any length, and $
                                    \mu$ is the area-product measure [the pr...

Not a real error.

./_region_.tex:124: Preview: Snippet 36 ended.(282168+127431x394886).
<-><->
      
l.124     paths of any length, and $\mu$
                                         is the area-product measure [the pr...

Not a real error.

[36]
./_region_.tex:125: Preview: Snippet 37 started.
<-><->
      
l.125     all the expanded $
                            d_A$]. Special care has to be taken with the def...

Not a real error.

./_region_.tex:125: Preview: Snippet 37 ended.(455111+98303x768002).
<-><->
      
l.125     all the expanded $d_A$
                                ]. Special care has to be taken with the def...

Not a real error.

[37]
./_region_.tex:126: Preview: Snippet 38 started.
<-><->
      
l.126 ... source code, there never exists a path $
                                                  \bar{v}$,
Not a real error.

./_region_.tex:126: Preview: Snippet 38 ended.(372098+0x341181).
<-><->
      
l.126 ...code, there never exists a path $\bar{v}$
                                                  ,
Not a real error.

[38]
./_region_.tex:127: Preview: Snippet 39 started.
<-><->
      
l.127     only eye-path $
                         \bar{z}$ and light-path . Right now, this is analyt...

Not a real error.

./_region_.tex:127: Preview: Snippet 39 ended.(372098+0x333598).
<-><->
      
l.127     only eye-path $\bar{z}$
                                  and light-path . Right now, this is analyt...

Not a real error.

[39]
./_region_.tex:130: Preview: Snippet 40 started.
<-><->
      
l.130   \begin{align}
                     
Not a real error.

./_region_.tex:133: Preview: Snippet 40 ended.(3182081+0x29365037).
<-><->
      
l.133   \end{align}
                   
Not a real error.

[40]
./_region_.tex:135: Preview: Snippet 41 started.
<-><->
      
l.135     where $
                 s$ is the light-path length, and $t$ is the eye-path length...

Not a real error.

./_region_.tex:135: Preview: Snippet 41 ended.(282168+0x307200).
<-><->
      
l.135     where $s$
                    is the light-path length, and $t$ is the eye-path length...

Not a real error.

[41]
./_region_.tex:135: Preview: Snippet 42 started.
<-><->
      
l.135 ...where $s$ is the light-path length, and $
                                                  t$ is the eye-path length. In

Not a real error.

./_region_.tex:135: Preview: Snippet 42 ended.(403098+0x236658).
<-><->
      
l.135 ...ere $s$ is the light-path length, and $t$
                                                   is the eye-path length. In
Not a real error.

[42]
./_region_.tex:136: Preview: Snippet 43 started.
<-><->
      
l.136     DTOADQ, they are limited to $
                                       s+t \leq 8$[TODO]. Finally, to transform

Not a real error.

./_region_.tex:136: Preview: Snippet 43 ended.(422343+89110x2546335).
<-><->
      
l.136     DTOADQ, they are limited to $s+t \leq 8$
                                                  [TODO]. Finally, to transform

Not a real error.

[43]
./_region_.tex:137: Preview: Snippet 44 started.
<-><->
      
l.137     $
           \bar{v}$ into two seperate paths, $\frac{f_j(\bar{v}_{s,
Not a real error.

./_region_.tex:137: Preview: Snippet 44 ended.(372098+0x341181).
<-><->
      
l.137     $\bar{v}$
                    into two seperate paths, $\frac{f_j(\bar{v}_{s,
Not a real error.

[44]
./_region_.tex:137: Preview: Snippet 45 started.
<-><->
      
l.137     $\bar{v}$ into two seperate paths, $
                                              \frac{f_j(\bar{v}_{s,
Not a real error.

./_region_.tex:138: Preview: Snippet 45 ended.(676475+355246x1916665).
<-><->
      
l.138         t})}{p(\bar{v}_{s, t})}$
                                       is split into two with a connection e...

Not a real error.

[45]
./_region_.tex:138: Preview: Snippet 46 started.
<-><->
      
l.138 ...s split into two with a connection edge $
                                                  c$
Not a real error.

./_region_.tex:138: Preview: Snippet 46 ended.(282168+0x283611).
<-><->
      
l.138 ...split into two with a connection edge $c$
                                                  
Not a real error.

[46]
./_region_.tex:139: Preview: Snippet 47 started.
<-><->
      
l.139   \begin{align}
                     
Not a real error.

./_region_.tex:143: Preview: Snippet 47 ended.(1631711+0x29365037).
<-><->
      
l.143   \end{align}
                   
Not a real error.

[47]
./_region_.tex:146: Preview: Snippet 48 started.
<-><->
      
l.146   \begin{align}
                     
Not a real error.

./_region_.tex:148: Preview: Snippet 48 ended.(820006+0x29365037).
<-><->
      
l.148   \end{align}
                   
Not a real error.

[48]
./_region_.tex:149: Preview: Snippet 49 started.
<-><->
      
l.149   \begin{align}
                     
Not a real error.

./_region_.tex:159: Preview: Snippet 49 ended.(2114491+0x29365037).
<-><->
      
l.159   \end{align}
                   
Not a real error.

[49]
./_region_.tex:160: Preview: Snippet 50 started.
<-><->
      
l.160     There is no case for $
                                i = 0$ as either, the path doesn't exist, or...

Not a real error.

./_region_.tex:160: Preview: Snippet 50 ended.(432226+0x1427267).
<-><->
      
l.160     There is no case for $i = 0$
                                       as either, the path doesn't exist, or...

Not a real error.

[50]
./_region_.tex:161: Preview: Snippet 51 started.
<-><->
      
l.161     does exist, $
                       y_0$ and $z_0$ do not contribute to the image. Veach ...

Not a real error.

./_region_.tex:161: Preview: Snippet 51 ended.(282168+127431x615314).
<-><->
      
l.161     does exist, $y_0$
                            and $z_0$ do not contribute to the image. Veach ...

Not a real error.

[51]
./_region_.tex:161: Preview: Snippet 52 started.
<-><->
      
l.161     does exist, $y_0$ and $
                                 z_0$ do not contribute to the image. Veach ...

Not a real error.

./_region_.tex:161: Preview: Snippet 52 ended.(282168+98303x598778).
<-><->
      
l.161     does exist, $y_0$ and $z_0$
                                      do not contribute to the image. Veach ...

Not a real error.

[52]
./_region_.tex:163: Preview: Snippet 53 started.
<-><->
      
l.163     there may be cases where $
                                    s = 0$ ($t = 0$ is not possible without a
Not a real error.

./_region_.tex:163: Preview: Snippet 53 ended.(422343+0x1508687).
<-><->
      
l.163     there may be cases where $s = 0$
                                           ($t = 0$ is not possible without a
Not a real error.

[53]
./_region_.tex:163: Preview: Snippet 54 started.
<-><->
      
l.163     there may be cases where $s = 0$ ($
                                             t = 0$ is not possible without a
Not a real error.

./_region_.tex:163: Preview: Snippet 54 ended.(422343+0x1438145).
<-><->
      
l.163 ...there may be cases where $s = 0$ ($t = 0$
                                                   is not possible without a
Not a real error.

[54]
./_region_.tex:168: Preview: Snippet 55 started.
<-><->
      
l.168   \begin{align}
                     
Not a real error.

./_region_.tex:175: Preview: Snippet 55 ended.(1966099+0x29365037).
<-><->
      
l.175   \end{align}
                   
Not a real error.

[55]
./_region_.tex:178: Preview: Snippet 56 started.
<-><->
      
l.178     expand $
                  I_j$, and take the V term from outside the G function
Not a real error.

./_region_.tex:178: Preview: Snippet 56 ended.(447828+187504x564226).
<-><->
      
l.178     expand $I_j$
                      , and take the V term from outside the G function
Not a real error.

[56]
./_region_.tex:179: Preview: Snippet 57 started.
<-><->
      
l.179     [$
            G(v \rightarrow
Not a real error.

./_region_.tex:180: Preview: Snippet 57 ended.(491520+163840x5466263).
<-><->
      
l.180     \dot{v}) V(v \rightarrow \dot{v})$
                                            ],
Not a real error.

[57]
./_region_.tex:182: Preview: Snippet 58 started.
<-><->
      
l.182 ...quation, except for the connection term $
                                                  c$.
Not a real error.

./_region_.tex:182: Preview: Snippet 58 ended.(282168+0x283611).
<-><->
      
l.182 ...ation, except for the connection term $c$
                                                  .
Not a real error.

[58]
./_region_.tex:184: Preview: Snippet 59 started.
<-><->
      
l.184     $
           \bar{y}_{0} \ldots \bar{y}_s$ and $\bar{z}_0 \ldots \bar{z}_t$ being

Not a real error.

./_region_.tex:184: Preview: Snippet 59 ended.(372098+127431x2199778).
<-><->
      
l.184     $\bar{y}_{0} \ldots \bar{y}_s$
                                         and $\bar{z}_0 \ldots \bar{z}_t$ being

Not a real error.

[59]
./_region_.tex:184: Preview: Snippet 60 started.
<-><->
      
l.184     $\bar{y}_{0} \ldots \bar{y}_s$ and $
                                              \bar{z}_0 \ldots \bar{z}_t$ being

Not a real error.

./_region_.tex:184: Preview: Snippet 60 ended.(372098+98303x2117326).
<-><->
      
l.184 ...ar{y}_s$ and $\bar{z}_0 \ldots \bar{z}_t$
                                                   being
Not a real error.

[60]
./_region_.tex:186: Preview: Snippet 61 started.
<-><->
      
l.186     Specifically, the definition of $
                                           V$ is
Not a real error.

./_region_.tex:186: Preview: Snippet 61 ended.(447828+0x527929).
<-><->
      
l.186     Specifically, the definition of $V$
                                              is
Not a real error.

[61]
./_region_.tex:187: Preview: Snippet 62 started.
<-><->
      
l.187   \begin{align}
                     
Not a real error.

./_region_.tex:190: Preview: Snippet 62 ended.(914055+0x29365037).
<-><->
      
l.190   \end{align}
                   
Not a real error.

[62]
./_region_.tex:191: Preview: Snippet 63 started.
<-><->
      
l.191     where $
                 m$ is a march through the SDF map. Since the paths are being
Not a real error.

./_region_.tex:191: Preview: Snippet 63 ended.(282168+0x575415).
<-><->
      
l.191     where $m$
                    is a march through the SDF map. Since the paths are being
Not a real error.

[63]
./_region_.tex:194: Preview: Snippet 64 started.
<-><->
      
l.194     \begin{align*}
                        
Not a real error.

./_region_.tex:197: Preview: Snippet 64 ended.(1897095+0x18878567).
<-><->
      
l.197     \end{align*}
                      
Not a real error.

[64]
./_region_.tex:199: Preview: Snippet 65 started.
<-><->
      
l.199     Moving on, for $
                          \alpha^{L|E}_i$, these are equivalent for both $L$...

Not a real error.

./_region_.tex:199: Preview: Snippet 65 ended.(684486+182676x1379582).
<-><->
      
l.199     Moving on, for $\alpha^{L|E}_i$
                                         , these are equivalent for both $L$...

Not a real error.

[65]
./_region_.tex:199: Preview: Snippet 66 started.
<-><->
      
l.199 ...{L|E}_i$, these are equivalent for both $
                                                  L$ and $E$,
Not a real error.

./_region_.tex:199: Preview: Snippet 66 ended.(447828+0x446010).
<-><->
      
l.199 ...|E}_i$, these are equivalent for both $L$
                                                   and $E$,
Not a real error.

[66]
./_region_.tex:199: Preview: Snippet 67 started.
<-><->
      
l.199 ..., these are equivalent for both $L$ and $
                                                  E$,
Not a real error.

./_region_.tex:199: Preview: Snippet 67 ended.(447828+0x521556).
<-><->
      
l.199 ...these are equivalent for both $L$ and $E$
                                                  ,
Not a real error.

[67]
./_region_.tex:200: Preview: Snippet 68 started.
<-><->
      
l.200     the problem is that the $
                                   \bar{y}$ path is generated in perspective...

Not a real error.

./_region_.tex:200: Preview: Snippet 68 ended.(372098+127431x344824).
<-><->
      
l.200     the problem is that the $\bar{y}$
                                            path is generated in perspective...

Not a real error.

[68]
./_region_.tex:202: Preview: Snippet 69 started.
<-><->
      
l.202     path is flipped. Handling $
                                     \bar{y}$ is significantly easier than $...

Not a real error.

./_region_.tex:202: Preview: Snippet 69 ended.(372098+127431x344824).
<-><->
      
l.202     path is flipped. Handling $\bar{y}$
                                              is significantly easier than $...

Not a real error.

[69]
./_region_.tex:202: Preview: Snippet 70 started.
<-><->
      
l.202 ... $\bar{y}$ is significantly easier than $
                                                  \bar{z}$,
Not a real error.

./_region_.tex:202: Preview: Snippet 70 ended.(372098+0x333598).
<-><->
      
l.202 ...}$ is significantly easier than $\bar{z}$
                                                  ,
Not a real error.

[70]
./_region_.tex:203: Preview: Snippet 71 started.
<-><->
      
l.203     as $
              \bar{y}$ is precomputed. For $\bar{z}$, the next vertex $z_{+1}$
Not a real error.

./_region_.tex:203: Preview: Snippet 71 ended.(372098+127431x344824).
<-><->
      
l.203     as $\bar{y}$
                       is precomputed. For $\bar{z}$, the next vertex $z_{+1}$
Not a real error.

[71]
./_region_.tex:203: Preview: Snippet 72 started.
<-><->
      
l.203     as $\bar{y}$ is precomputed. For $
                                            \bar{z}$, the next vertex $z_{+1}$
Not a real error.

./_region_.tex:203: Preview: Snippet 72 ended.(372098+0x333598).
<-><->
      
l.203 ...s $\bar{y}$ is precomputed. For $\bar{z}$
                                                  , the next vertex $z_{+1}$
Not a real error.

[72]
./_region_.tex:203: Preview: Snippet 73 started.
<-><->
      
l.203 ...omputed. For $\bar{z}$, the next vertex $
                                                  z_{+1}$
Not a real error.

./_region_.tex:203: Preview: Snippet 73 ended.(282168+152917x1001098).
<-><->
      
l.203 .... For $\bar{z}$, the next vertex $z_{+1}$
                                                  
Not a real error.

[73]
./_region_.tex:204: Preview: Snippet 74 started.
<-><->
      
l.204     ($
            \omega_o$ in the perspective of SA), is unknown. For example $\a...

Not a real error.

./_region_.tex:204: Preview: Snippet 74 ended.(282168+98303x699384).
<-><->
      
l.204     ($\omega_o$
                      in the perspective of SA), is unknown. For example $\a...

Not a real error.

[74]
./_region_.tex:204: Preview: Snippet 75 started.
<-><->
      
l.204 ...pective of SA), is unknown. For example $
                                                  \alpha^L_1$
Not a real error.

./_region_.tex:204: Preview: Snippet 75 ended.(551306+162667x813969).
<-><->
      
l.204 ...SA), is unknown. For example $\alpha^L_1$
                                                  
Not a real error.

[75]
LaTeX Font Info:    Font shape `OT1/cmtt/bx/n' in size <9> not available
(Font)              Font shape `OT1/cmtt/m/n' tried instead on input line 209.

./_region_.tex:216: Preview: Snippet 76 started.
<-><->
      
l.216     For $
               c_{s, t}$, there is no cases for $s = s, t = 0$ as
Not a real error.

./_region_.tex:216: Preview: Snippet 76 ended.(282168+187504x917355).
<-><->
      
l.216     For $c_{s, t}$
                        , there is no cases for $s = s, t = 0$ as
Not a real error.

[76]
./_region_.tex:216: Preview: Snippet 77 started.
<-><->
      
l.216     For $c_{s, t}$, there is no cases for $
                                                 s = s, t = 0$ as
Not a real error.

./_region_.tex:216: Preview: Snippet 77 ended.(422343+127431x3217620).
<-><->
      
l.216 ...t}$, there is no cases for $s = s, t = 0$
                                                   as
Not a real error.

[77]
./_region_.tex:217: Preview: Snippet 78 started.
<-><->
      
l.217 ...ve a physical existence in the SDF map. $
                                                  p_A$ is
Not a real error.

./_region_.tex:217: Preview: Snippet 78 ended.(282168+127431x756624).
<-><->
      
l.217 ... physical existence in the SDF map. $p_A$
                                                   is
Not a real error.

[78]
./_region_.tex:220: Preview: Snippet 79 started.
<-><->
      
l.220   \begin{align}
                     
Not a real error.

./_region_.tex:225: Preview: Snippet 79 ended.(3114395+0x29365037).
<-><->
      
l.225   \end{align}
                   
Not a real error.

[79]
./_region_.tex:226: Preview: Snippet 80 started.
<-><->
      
l.226     where $
                 R$ is the radius of the sphere, note $y_0$ is a point on th...

Not a real error.

./_region_.tex:226: Preview: Snippet 80 ended.(447828+0x502671).
<-><->
      
l.226     where $R$
                    is the radius of the sphere, note $y_0$ is a point on th...

Not a real error.

[80]
./_region_.tex:226: Preview: Snippet 81 started.
<-><->
      
l.226 ...e $R$ is the radius of the sphere, note $
                                                  y_0$ is a point on the sur...

Not a real error.

./_region_.tex:226: Preview: Snippet 81 ended.(282168+127431x615314).
<-><->
      
l.226 ...$ is the radius of the sphere, note $y_0$
                                                   is a point on the surface
Not a real error.

[81]
./_region_.tex:228: Preview: Snippet 82 started.
<-><->
      
l.228     \\$
             p_A^E(x_0 \rightarrow x_1)$ doesn't exist, as there is no physi...

Not a real error.

./_region_.tex:228: Preview: Snippet 82 ended.(551306+180508x3638746).
<-><->
      
l.228     \\$p_A^E(x_0 \rightarrow x_1)$
                                         doesn't exist, as there is no physi...

Not a real error.

[82]
./_region_.tex:230: Preview: Snippet 83 started.
<-><->
      
l.230 ...e are no special cases for pathes where $
                                                  t = 0$, which is
Not a real error.

./_region_.tex:230: Preview: Snippet 83 ended.(422343+0x1438145).
<-><->
      
l.230 ...no special cases for pathes where $t = 0$
                                                  , which is
Not a real error.

[83]
./_region_.tex:233: Preview: Snippet 84 started.
<-><->
      
l.233   \begin{align}
                     
Not a real error.

./_region_.tex:235: Preview: Snippet 84 ended.(820006+0x29365037).
<-><->
      
l.235   \end{align}
                   
Not a real error.

[84]
./_region_.tex:236: Preview: Snippet 85 started.
<-><->
      
l.236     The $
               L^0_e$ is contribution from the light source. As of right now...

Not a real error.

./_region_.tex:236: Preview: Snippet 85 ended.(533465+162016x740013).
<-><->
      
l.236     The $L^0_e$
                      is contribution from the light source. As of right now...

Not a real error.

[85]
./_region_.tex:237: Preview: Snippet 86 started.
<-><->
      
l.237     only supports area lights, so $
                                         L^0_e$ is set a constant for the em...

Not a real error.

./_region_.tex:237: Preview: Snippet 86 ended.(533465+162016x740013).
<-><->
      
l.237     only supports area lights, so $L^0_e$
                                                is set a constant for the em...

Not a real error.

[86]
./_region_.tex:239: Preview: Snippet 87 started.
<-><->
      
l.239     The $
               W_e^0$ is contribution from the eye source, that is, the lens...

Not a real error.

./_region_.tex:239: Preview: Snippet 87 ended.(533465+162016x1003977).
<-><->
      
l.239     The $W_e^0$
                      is contribution from the eye source, that is, the lens...

Not a real error.

[87]
./_region_.tex:241: Preview: Snippet 88 started.
<-><->
      
l.241     later], there is no $
                               W_e^0$. While this should be implemented in t...

Not a real error.

./_region_.tex:241: Preview: Snippet 88 ended.(533465+162016x1003977).
<-><->
      
l.241     later], there is no $W_e^0$
                                     . While this should be implemented in t...

Not a real error.

[88]
./_region_.tex:243: Preview: Snippet 89 started.
<-><->
      
l.243     paths where $
                       t = 0$, which is impossible to handle on the GPU as a...

Not a real error.

./_region_.tex:243: Preview: Snippet 89 ended.(422343+0x1438145).
<-><->
      
l.243     paths where $t = 0$
                             , which is impossible to handle on the GPU as a...

Not a real error.

[89]
./_region_.tex:246: Preview: Snippet 90 started.
<-><->
      
l.246   \begin{align}
                     
Not a real error.

./_region_.tex:248: Preview: Snippet 90 ended.(820006+0x29365037).
<-><->
      
l.248   \end{align}
                   
Not a real error.

[90]
./_region_.tex:256: Preview: Snippet 91 started.
<-><->
      
l.256   \begin{align*}
                      
Not a real error.

./_region_.tex:259: Preview: Snippet 91 ended.(1868582+0x17576661).
<-><->
      
l.259   \end{align*}
                    
Not a real error.

[91]
./_region_.tex:260: Preview: Snippet 92 started.
<-><->
      
l.260     where $
                 W_{s, t}$ is the MIS weight of path $\bar{y} \leftarrow \ba...

Not a real error.

./_region_.tex:260: Preview: Snippet 92 ended.(447828+187504x1252695).
<-><->
      
l.260     where $W_{s, t}$
                           is the MIS weight of path $\bar{y} \leftarrow \ba...

Not a real error.

[92]
./_region_.tex:260: Preview: Snippet 93 started.
<-><->
      
l.260 ...re $W_{s, t}$ is the MIS weight of path $
                                                  \bar{y} \leftarrow \bar{z}...

Not a real error.

./_region_.tex:260: Preview: Snippet 93 ended.(372098+127431x1697863).
<-><->
      
l.260 ...ight of path $\bar{y} \leftarrow \bar{z}$
                                                  , and
Not a real error.

[93]
./_region_.tex:261: Preview: Snippet 94 started.
<-><->
      
l.261     $
           C_{s, t}$ is the unweighted contribution of the same path. For cl...

Not a real error.

./_region_.tex:261: Preview: Snippet 94 ended.(447828+187504x1102144).
<-><->
      
l.261     $C_{s, t}$
                     is the unweighted contribution of the same path. For cl...

Not a real error.

[94]
./_region_.tex:262: Preview: Snippet 95 started.
<-><->
      
l.262     $
           C^U_{s, t}$ as described below is the unweighted contribution of the

Not a real error.

./_region_.tex:262: Preview: Snippet 95 ended.(551306+251217x1102144).
<-><->
      
l.262     $C^U_{s, t}$
                       as described below is the unweighted contribution of the

Not a real error.

[95]
./_region_.tex:264: Preview: Snippet 96 started.
<-><->
      
l.264   \begin{align}
                     
Not a real error.

./_region_.tex:267: Preview: Snippet 96 ended.(1548261+0x29365037).
<-><->
      
l.267   \end{align}
                   
Not a real error.

[96]
./_region_.tex:269: Preview: Snippet 97 started.
<-><->
      
l.269   \begin{align}
                     
Not a real error.

./_region_.tex:271: Preview: Snippet 97 ended.(801717+0x29365037).
<-><->
      
l.271   \end{align}
                   
Not a real error.

[97]
./_region_.tex:273: Preview: Snippet 98 started.
<-><->
      
l.273   \begin{align}
                     
Not a real error.

./_region_.tex:275: Preview: Snippet 98 ended.(1548261+0x29365037).
<-><->
      
l.275   \end{align}
                   
Not a real error.

[98]
./_region_.tex:276: Preview: Snippet 99 started.
<-><->
      
l.276     Conceptually, the numerator $
                                       P_s(\bar{x})$ is the path density tha...

Not a real error.

./_region_.tex:276: Preview: Snippet 99 ended.(491520+163840x1585154).
<-><->
      
l.276 ...onceptually, the numerator $P_s(\bar{x})$
                                                   is the path density that was

Not a real error.

[99]
./_region_.tex:278: Preview: Snippet 100 started.
<-><->
      
l.278 ...tegies that could could have, in theory,$
                                                  ^{[1]}$ created the path. The

Not a real error.

./_region_.tex:278: Preview: Snippet 100 ended.(581889+0x590737).
<-><->
      
l.278 ...that could could have, in theory,$^{[1]}$
                                                   created the path. The
Not a real error.

[100]
./_region_.tex:281: Preview: Snippet 101 started.
<-><->
      
l.281 ...and describe these problems. Primarily, $
                                                  P_i(\bar{x})$ will overflow
Not a real error.

./_region_.tex:281: Preview: Snippet 101 ended.(491520+163840x1523220).
<-><->
      
l.281 ...these problems. Primarily, $P_i(\bar{x})$
                                                   will overflow
Not a real error.

[101]
./_region_.tex:286: Preview: Snippet 102 started.
<-><->
      
l.286   \begin{align}
                     
Not a real error.

./_region_.tex:295: Preview: Snippet 102 ended.(3538980+0x29365037).
<-><->
      
l.295   \end{align}
                   
Not a real error.

[102]
./_region_.tex:299: Preview: Snippet 103 started.
<-><->
      
l.299     $
           i < s$, we have
Not a real error.

./_region_.tex:299: Preview: Snippet 103 ended.(432226+25623x1406786).
<-><->
      
l.299     $i < s$
                 , we have
Not a real error.

[103]
./_region_.tex:300: Preview: Snippet 104 started.
<-><->
      
l.300     $
           \frac{\overleftarrow{p}(\bar{x}_i)}{\overrightarrow{p}(\bar{x}_i)}$,

Not a real error.

./_region_.tex:300: Preview: Snippet 104 ended.(691563+363883x1586064).
<-><->
      
l.300 ...ar{x}_i)}{\overrightarrow{p}(\bar{x}_i)}$
                                                  ,
Not a real error.

[104]
./_region_.tex:303: Preview: Snippet 105 started.
<-><->
      
l.303     $
           \bar{x}_{i-1}$ is used). Another way of saying it, is $\bar{x} = ...

Not a real error.

./_region_.tex:303: Preview: Snippet 105 ended.(372098+152917x1263580).
<-><->
      
l.303     $\bar{x}_{i-1}$
                          is used). Another way of saying it, is $\bar{x} = ...

Not a real error.

[105]
./_region_.tex:303: Preview: Snippet 106 started.
<-><->
      
l.303 ... is used). Another way of saying it, is $
                                                  \bar{x} = \bar{y} ||
Not a real error.

./_region_.tex:304: Preview: Snippet 106 ended.(491520+163840x3079518).
<-><->
      
l.304     \bar{z}_{rev}$
                        .
Not a real error.

[106]
./_region_.tex:308: Preview: Snippet 107 started.
<-><->
      
l.308   \begin{align}
                     
Not a real error.

./_region_.tex:316: Preview: Snippet 107 ended.(3047737+0x29365037).
<-><->
      
l.316   \end{align}
                   
Not a real error.

[107]
./_region_.tex:317: Preview: Snippet 108 started.
<-><->
      
l.317     And then the expanded form of $
                                         \mathcal{W}_i(\bar{x})$ looks like
Not a real error.

./_region_.tex:317: Preview: Snippet 108 ended.(491520+163840x1749823).
<-><->
      
l.317 ...expanded form of $\mathcal{W}_i(\bar{x})$
                                                   looks like
Not a real error.

[108]
./_region_.tex:319: Preview: Snippet 109 started.
<-><->
      
l.319   \begin{align}
                     
Not a real error.

./_region_.tex:324: Preview: Snippet 109 ended.(1911628+0x29365037).
<-><->
      
l.324   \end{align}
                   
Not a real error.

[109]
./_region_.tex:327: Preview: Snippet 110 started.
<-><->
      
l.327   \begin{align}
                     
Not a real error.

./_region_.tex:330: Preview: Snippet 110 ended.(1511852+0x29365037).
<-><->
      
l.330   \end{align}
                   
Not a real error.

[110]
./_region_.tex:333: Preview: Snippet 111 started.
<-><->
      
l.333   \begin{align}
                     
Not a real error.

./_region_.tex:336: Preview: Snippet 111 ended.(1348012+0x29365037).
<-><->
      
l.336   \end{align}
                   
Not a real error.

[111]
./_region_.tex:339: Preview: Snippet 112 started.
<-><->
      
l.339   \begin{align}
                     
Not a real error.

./_region_.tex:341: Preview: Snippet 112 ended.(820006+0x29365037).
<-><->
      
l.341   \end{align}
                   
Not a real error.

[112]
./_region_.tex:343: Preview: Snippet 113 started.
<-><->
      
l.343   \begin{align}
                     
Not a real error.

./_region_.tex:351: Preview: Snippet 113 ended.(2855033+0x29365037).
<-><->
      
l.351   \end{align}
                   
Not a real error.

[113]
./_region_.tex:355: Preview: Snippet 114 started.
<-><->
      
l.355   \section
                {Video/Image Emitter}
Not a real error.

./_region_.tex:355: Preview: Snippet 114 ended.(707788+235929x29365037).
<-><->
      
l.355   \section{Video/Image Emitter}
                                     
Not a real error.

[114

]
./_region_.tex:357: Preview: Snippet 115 started.
<-><->
      
l.357   \section
                {Bibliography}
Not a real error.

./_region_.tex:357: Preview: Snippet 115 ended.(655359+183500x29365037).
<-><->
      
l.357   \section{Bibliography}
                              
Not a real error.

[115

]
./_region_.tex:359: Preview: Snippet 116 started.
<-><->
      
l.359   \begin{align*}
                      
Not a real error.

./_region_.tex:365: Preview: Snippet 116 ended.(2561365+0x25519634).
<-><->
      
l.365   \end{align*}
                    
Not a real error.

[116] ) 
Here is how much of TeX's memory you used:
 3369 strings out of 492990
 45445 string characters out of 6138688
 142619 words of memory out of 5000000
 6915 multiletter control sequences out of 15000+600000
 8874 words of font info for 33 fonts, out of 8000000 for 9000
 1141 hyphenation exceptions out of 8191
 27i,29n,49p,446b,996s stack positions out of 5000i,500n,10000p,200000b,80000s
 </home/aodq/.texlive/texmf-var/fonts/pk/ljfour/public/cm/cmsy5.600pk> <
/home/aodq/.texlive/texmf-var/fonts/pk/ljfour/public/cm/cmr5.600pk> </home/aodq
/.texlive/texmf-var/fonts/pk/ljfour/public/cm/cmmi5.600pk> </usr/share/texmf-di
st/fonts/pk/ljfour/public/cm/dpi600/cmsy7.pk> </usr/share/texmf-dist/fonts/pk/l
jfour/public/cm/dpi600/cmex10.pk> </usr/share/texmf-dist/fonts/pk/ljfour/public
/cm/dpi600/cmmi7.pk> </usr/share/texmf-dist/fonts/pk/ljfour/public/cm/dpi600/cm
r7.pk> </usr/share/texmf-dist/fonts/pk/ljfour/public/cm/dpi600/cmsy10.pk> </usr
/share/texmf-dist/fonts/pk/ljfour/public/cm/dpi600/cmr10.pk> </usr/share/texmf-
dist/fonts/pk/ljfour/public/cm/dpi600/cmmi10.pk> </home/aodq/.texlive/texmf-var
/fonts/pk/ljfour/public/cm/cmbx12.720pk>
Output written on _region_.pdf (116 pages, 93216 bytes).
PDF statistics:
 630 PDF objects out of 1000 (max. 8388607)
 302 compressed objects within 4 object streams
 0 named destinations out of 1000 (max. 500000)
 1 words of extra memory for PDF output out of 10000 (max. 10000000)

